This is pdfTeX, Version 3.14159265-2.6-1.40.16 (MiKTeX 2.9) (preloaded format=pdflatex 2015.10.19)  20 NOV 2015 12:53
entering extended mode
**report.tex
(report.tex
LaTeX2e <2015/01/01> patch level 2
Babel <3.9m> and hyphenation patterns for 69 languages loaded.
(report.cls ("D:\Program Files\MiKTeX 2.9\tex\latex\graphics\epsfig.sty"
Package: epsfig 1999/02/16 v1.7a (e)psfig emulation (SPQR)

("D:\Program Files\MiKTeX 2.9\tex\latex\graphics\graphicx.sty"
Package: graphicx 2014/10/28 v1.0g Enhanced LaTeX Graphics (DPC,SPQR)

("D:\Program Files\MiKTeX 2.9\tex\latex\graphics\keyval.sty"
Package: keyval 2014/10/28 v1.15 key=value parser (DPC)
\KV@toks@=\toks14
)
("D:\Program Files\MiKTeX 2.9\tex\latex\graphics\graphics.sty"
Package: graphics 2014/10/28 v1.0p Standard LaTeX Graphics (DPC,SPQR)
 ("D:\Program Files\MiKTeX 2.9\tex\latex\graphics\trig.sty"
Package: trig 1999/03/16 v1.09 sin cos tan (DPC)
) ("D:\Program Files\MiKTeX 2.9\tex\latex\00miktex\graphics.cfg"
File: graphics.cfg 2007/01/18 v1.5 graphics configuration of teTeX/TeXLive
)
Package graphics Info: Driver file: pdftex.def on input line 94.

("D:\Program Files\MiKTeX 2.9\tex\latex\pdftex-def\pdftex.def"
File: pdftex.def 2011/05/27 v0.06d Graphics/color for pdfTeX

("D:\Program Files\MiKTeX 2.9\tex\generic\oberdiek\infwarerr.sty"
Package: infwarerr 2010/04/08 v1.3 Providing info/warning/error messages (HO)
)
("D:\Program Files\MiKTeX 2.9\tex\generic\oberdiek\ltxcmds.sty"
Package: ltxcmds 2011/11/09 v1.22 LaTeX kernel commands for general use (HO)
)
\Gread@gobject=\count79
))
\Gin@req@height=\dimen102
\Gin@req@width=\dimen103
)
\epsfxsize=\dimen104
\epsfysize=\dimen105
)
("D:\Program Files\MiKTeX 2.9\tex\latex\amsfonts\amssymb.sty"
Package: amssymb 2013/01/14 v3.01 AMS font symbols

("D:\Program Files\MiKTeX 2.9\tex\latex\amsfonts\amsfonts.sty"
Package: amsfonts 2013/01/14 v3.01 Basic AMSFonts support
\@emptytoks=\toks15
\symAMSa=\mathgroup4
\symAMSb=\mathgroup5
LaTeX Font Info:    Overwriting math alphabet `\mathfrak' in version `bold'
(Font)                  U/euf/m/n --> U/euf/b/n on input line 106.
))
("D:\Program Files\MiKTeX 2.9\tex\latex\amsmath\amsmath.sty"
Package: amsmath 2013/01/14 v2.14 AMS math features
\@mathmargin=\skip41

For additional information on amsmath, use the `?' option.
("D:\Program Files\MiKTeX 2.9\tex\latex\amsmath\amstext.sty"
Package: amstext 2000/06/29 v2.01
 ("D:\Program Files\MiKTeX 2.9\tex\latex\amsmath\amsgen.sty"
File: amsgen.sty 1999/11/30 v2.0
\@emptytoks=\toks16
\ex@=\dimen106
)) ("D:\Program Files\MiKTeX 2.9\tex\latex\amsmath\amsbsy.sty"
Package: amsbsy 1999/11/29 v1.2d
\pmbraise@=\dimen107
)
("D:\Program Files\MiKTeX 2.9\tex\latex\amsmath\amsopn.sty"
Package: amsopn 1999/12/14 v2.01 operator names
)
\inf@bad=\count80
LaTeX Info: Redefining \frac on input line 210.
\uproot@=\count81
\leftroot@=\count82
LaTeX Info: Redefining \overline on input line 306.
\classnum@=\count83
\DOTSCASE@=\count84
LaTeX Info: Redefining \ldots on input line 378.
LaTeX Info: Redefining \dots on input line 381.
LaTeX Info: Redefining \cdots on input line 466.
\Mathstrutbox@=\box26
\strutbox@=\box27
\big@size=\dimen108
LaTeX Font Info:    Redeclaring font encoding OML on input line 566.
LaTeX Font Info:    Redeclaring font encoding OMS on input line 567.
\macc@depth=\count85
\c@MaxMatrixCols=\count86
\dotsspace@=\muskip10
\c@parentequation=\count87
\dspbrk@lvl=\count88
\tag@help=\toks17
\row@=\count89
\column@=\count90
\maxfields@=\count91
\andhelp@=\toks18
\eqnshift@=\dimen109
\alignsep@=\dimen110
\tagshift@=\dimen111
\tagwidth@=\dimen112
\totwidth@=\dimen113
\lineht@=\dimen114
\@envbody=\toks19
\multlinegap=\skip42
\multlinetaggap=\skip43
\mathdisplay@stack=\toks20
LaTeX Info: Redefining \[ on input line 2665.
LaTeX Info: Redefining \] on input line 2666.
)
Document Class 'sig-alternate' <23rd. May '12>. Modified by G.K.M. Tobin/Gerry Murray
Based in part upon document Style `acmconf' <22 May 89>. Hacked 4/91 by
shivers@cs.cmu.edu, 4/93 by theobald@cs.mcgill.ca
Excerpts were taken from (Journal Style) 'esub2acm.cls'.
****** Bugs/comments/suggestions/technicalities to Gerry Murray -- murray@hq.acm.org ******
Questions on the style, SIGS policies, etc. to Adrienne Griscti griscti@acm.org
\footheight=\dimen115
\@maxsep=\dimen116
\@dblmaxsep=\dimen117
\aucount=\count92
\originalaucount=\count93
\auwidth=\dimen118
\auskip=\dimen119
\auskipcount=\count94
\auskip=\dimen120
\allauboxes=\dimen121
\addauthors=\toks21
\addauflag=\count95
\subtitletext=\toks22
\savesection=\count96
\sectioncntr=\count97
\c@figure=\count98
\c@table=\count99
\titleboxnotes=\toks23
\titleboxnoteflag=\count100

LaTeX Warning: You have requested document class `report',
               but the document class provides `sig-alternate'.

Document Class: sig-alternate 2012/05/23 - V2.5 - based on acmproc.cls V1.3 <Nov. 30 '99>
("D:\Program Files\MiKTeX 2.9\tex\latex\base\latexsym.sty"
Package: latexsym 1998/08/17 v2.2e Standard LaTeX package (lasy symbols)
\symlasy=\mathgroup6
LaTeX Font Info:    Overwriting symbol font `lasy' in version `bold'
(Font)                  U/lasy/m/n --> U/lasy/b/n on input line 52.
)
\@acmtitlebox=\box28
\titlenotecount=\count101
\tntoks=\toks24
\tntokstwo=\toks25
\tntoksthree=\toks26
\tntoksfour=\toks27
\tntoksfive=\toks28
\catcount=\count102
\c@part=\count103
\c@section=\count104
\c@subsection=\count105
\c@subsubsection=\count106
\c@paragraph=\count107

Using 'Abbrev' bibliography style
LaTeX Info: Redefining \cite on input line 1193.
\bibindent=\dimen122
\colcntr=\count108
\saveb@x=\box29
("D:\Program Files\MiKTeX 2.9\tex\latex\base\fontenc.sty"
Package: fontenc 2005/09/27 v1.99g Standard LaTeX package
 ("D:\Program Files\MiKTeX 2.9\tex\latex\base\t1enc.def"
File: t1enc.def 2005/09/27 v1.99g Standard LaTeX file
LaTeX Font Info:    Redeclaring font encoding T1 on input line 48.
)
LaTeX Font Info:    Try loading font information for T1+aer on input line 105.

("D:\Program Files\MiKTeX 2.9\tex\latex\ae\t1aer.fd"
File: t1aer.fd 1997/11/16 Font definitions for T1/aer.
))) ("D:\Program Files\MiKTeX 2.9\tex\generic\babel\babel.sty"
Package: babel 2015/08/03 3.9m The Babel package

*************************************
* Local config file bblopts.cfg used
*
("D:\Program Files\MiKTeX 2.9\tex\latex\00miktex\bblopts.cfg"
File: bblopts.cfg 2006/07/31 v1.0 MiKTeX 'babel' configuration
)
("D:\Program Files\MiKTeX 2.9\tex\latex\babel-english\english.ldf"
Language: english 2012/08/20 v3.3p English support from the babel system

("D:\Program Files\MiKTeX 2.9\tex\generic\babel\babel.def"
File: babel.def 2015/08/03 3.9m Babel common definitions
\babel@savecnt=\count109
\U@D=\dimen123
)
\l@canadian = a dialect from \language\l@american 
\l@australian = a dialect from \language\l@british 
\l@newzealand = a dialect from \language\l@british 
)) ("D:\Program Files\MiKTeX 2.9\tex\latex\tools\tabularx.sty"
Package: tabularx 2014/10/28 v2.10 `tabularx' package (DPC)
 ("D:\Program Files\MiKTeX 2.9\tex\latex\tools\array.sty"
Package: array 2014/10/28 v2.4c Tabular extension package (FMi)
\col@sep=\dimen124
\extrarowheight=\dimen125
\NC@list=\toks29
\extratabsurround=\skip44
\backup@length=\skip45
)
\TX@col@width=\dimen126
\TX@old@table=\dimen127
\TX@old@col=\dimen128
\TX@target=\dimen129
\TX@delta=\dimen130
\TX@cols=\count110
\TX@ftn=\toks30
)
("D:\Program Files\MiKTeX 2.9\tex\latex\subfigure\subfigure.sty"
Package: subfigure 2002/07/30 v2.1.4 subfigure package
\subfigtopskip=\skip46
\subfigcapskip=\skip47
\subfigcaptopadj=\dimen131
\subfigbottomskip=\skip48
\subfigcapmargin=\dimen132
\subfiglabelskip=\skip49
\c@subfigure=\count111
\c@lofdepth=\count112
\c@subtable=\count113
\c@lotdepth=\count114

****************************************
* Local config file subfigure.cfg used *
****************************************
("D:\Program Files\MiKTeX 2.9\tex\latex\subfigure\subfigure.cfg")
\subfig@top=\skip50
\subfig@bottom=\skip51
)
("D:\Program Files\MiKTeX 2.9\tex\latex\enumitem\enumitem.sty"
Package: enumitem 2011/09/28 v3.5.2 Customized lists
\labelindent=\skip52
\enit@outerparindent=\dimen133
\enit@toks=\toks31
\enit@inbox=\box30
\enitdp@description=\count115
) ("D:\Program Files\MiKTeX 2.9\tex\latex\url\url.sty"
\Urlmuskip=\muskip11
Package: url 2013/09/16  ver 3.4  Verb mode for urls, etc.
)
("D:\Program Files\MiKTeX 2.9\tex\latex\graphics\color.sty"
Package: color 2014/10/28 v1.1a Standard LaTeX Color (DPC)
 ("D:\Program Files\MiKTeX 2.9\tex\latex\00miktex\color.cfg"
File: color.cfg 2007/01/18 v1.5 color configuration of teTeX/TeXLive
)
Package color Info: Driver file: pdftex.def on input line 142.
) ("D:\Program Files\MiKTeX 2.9\tex\latex\listings\listings.sty"
\lst@mode=\count116
\lst@gtempboxa=\box31
\lst@token=\toks32
\lst@length=\count117
\lst@currlwidth=\dimen134
\lst@column=\count118
\lst@pos=\count119
\lst@lostspace=\dimen135
\lst@width=\dimen136
\lst@newlines=\count120
\lst@lineno=\count121
\abovecaptionskip=\skip53
\belowcaptionskip=\skip54
\lst@maxwidth=\dimen137

("D:\Program Files\MiKTeX 2.9\tex\latex\listings\lstmisc.sty"
File: lstmisc.sty 2015/06/04 1.6 (Carsten Heinz)
\c@lstnumber=\count122
\lst@skipnumbers=\count123
\lst@framebox=\box32
)
("D:\Program Files\MiKTeX 2.9\tex\latex\listings\listings.cfg"
File: listings.cfg 2015/06/04 1.6 listings configuration
))
Package: listings 2015/06/04 1.6 (Carsten Heinz)

("D:\Program Files\MiKTeX 2.9\tex\latex\listings\lstlang1.sty"
File: lstlang1.sty 2015/06/04 1.6 listings language file
)
No file report.aux.
LaTeX Font Info:    Checking defaults for OML/cmm/m/it on input line 127.
LaTeX Font Info:    ... okay on input line 127.
LaTeX Font Info:    Checking defaults for T1/cmr/m/n on input line 127.
LaTeX Font Info:    ... okay on input line 127.
LaTeX Font Info:    Checking defaults for OT1/cmr/m/n on input line 127.
LaTeX Font Info:    ... okay on input line 127.
LaTeX Font Info:    Checking defaults for OMS/cmsy/m/n on input line 127.
LaTeX Font Info:    ... okay on input line 127.
LaTeX Font Info:    Checking defaults for OMX/cmex/m/n on input line 127.
LaTeX Font Info:    ... okay on input line 127.
LaTeX Font Info:    Checking defaults for U/cmr/m/n on input line 127.
LaTeX Font Info:    ... okay on input line 127.
("D:\Program Files\MiKTeX 2.9\tex\context\base\supp-pdf.mkii"
[Loading MPS to PDF converter (version 2006.09.02).]
\scratchcounter=\count124
\scratchdimen=\dimen138
\scratchbox=\box33
\nofMPsegments=\count125
\nofMParguments=\count126
\everyMPshowfont=\toks33
\MPscratchCnt=\count127
\MPscratchDim=\dimen139
\MPnumerator=\count128
\makeMPintoPDFobject=\count129
\everyMPtoPDFconversion=\toks34
)
\c@lstlisting=\count130
LaTeX Font Info:    Try loading font information for U+msa on input line 129.
 ("D:\Program Files\MiKTeX 2.9\tex\latex\amsfonts\umsa.fd"
File: umsa.fd 2013/01/14 v3.01 AMS symbols A
)
LaTeX Font Info:    Try loading font information for U+msb on input line 129.
 ("D:\Program Files\MiKTeX 2.9\tex\latex\amsfonts\umsb.fd"
File: umsb.fd 2013/01/14 v3.01 AMS symbols B
)
LaTeX Font Info:    Try loading font information for U+lasy on input line 129.

("D:\Program Files\MiKTeX 2.9\tex\latex\base\ulasy.fd"
File: ulasy.fd 1998/08/17 v2.2e LaTeX symbol font definitions
)
Overfull \hbox (3.13725pt too wide) in paragraph at lines 137--139
\T1/aer/m/n/9 needed, even in sit-u-a-tions where an in-ter-net con-nec-tion might
 []


LaTeX Warning: Citation `firebase' on page \thepage  undefined on input line 143.


LaTeX Warning: Citation `google_cloud_messaging' on page \thepage  undefined on input line 143.


LaTeX Warning: Citation `p2pkit' on page \thepage  undefined on input line 145.


LaTeX Warning: Citation `android_wifi_p2p' on page \thepage  undefined on input line 145.


LaTeX Warning: Citation `google_app_engine' on page \thepage  undefined on input line 155.


LaTeX Warning: Citation `firebase_app_engine_tutorial' on page \thepage  undefined on input line 155.


LaTeX Warning: Citation `gcm_template' on page \thepage  undefined on input line 155.


Underfull \hbox (badness 10000) in paragraph at lines 155--157

 []

<server1.pdf, id=1, 602.25pt x 451.6875pt>
File: server1.pdf Graphic file (type pdf)
 <use server1.pdf>
Package pdftex.def Info: server1.pdf used on input line 160.
(pdftex.def)             Requested size: 240.0pt x 180.00325pt.


LaTeX Warning: `h' float specifier changed to `ht'.


LaTeX Warning: Citation `nearby' on page \thepage  undefined on input line 167.


LaTeX Warning: Citation `stackoverflow' on page \thepage  undefined on input line 168.


LaTeX Warning: Citation `google_app_engine' on page \thepage  undefined on input line 168.


LaTeX Warning: Citation `firebase_java' on page \thepage  undefined on input line 168.


LaTeX Warning: Citation `firebase_javascript' on page \thepage  undefined on input line 168.


LaTeX Warning: Citation `firebase_rest' on page \thepage  undefined on input line 168.

[1{C:/Users/Fabian_admin/AppData/Local/MiKTeX/2.9/pdftex/config/pdftex.map}


]
Overfull \hbox (9.01605pt too wide) in paragraph at lines 172--173
[]\T1/aer/m/n/9 The De-cen-tral-ized ap-proach is cur-rently based on the p2pkit.
 []

<peerControll.pdf, id=10, 602.25pt x 451.6875pt>
File: peerControll.pdf Graphic file (type pdf)
 <use peerControll.pdf>
Package pdftex.def Info: peerControll.pdf used on input line 176.
(pdftex.def)             Requested size: 240.0pt x 180.00325pt.
 <P2P.pdf, id=11, 602.25pt x 451.6875pt>
File: P2P.pdf Graphic file (type pdf)

<use P2P.pdf>
Package pdftex.def Info: P2P.pdf used on input line 186.
(pdftex.def)             Requested size: 240.0pt x 180.00325pt.
 <AppOverview.pdf, id=12, 602.25pt x 451.6875pt>
File: AppOverview.pdf Graphic file (type pdf)
 <use AppOverview.pdf>
Package pdftex.def Info: AppOverview.pdf used on input line 199.
(pdftex.def)             Requested size: 240.0pt x 180.00325pt.
 [2 <./server1.pdf> <./peerControll.pdf

pdfTeX warning: pdflatex.exe (file ./peerControll.pdf): PDF inclusion: multiple pdfs with page group included in a singl
e page
> <./P2P.pdf

pdfTeX warning: pdflatex.exe (file ./P2P.pdf): PDF inclusion: multiple pdfs with page group included in a single page
> <./AppOverview.pdf

pdfTeX warning: pdflatex.exe (file ./AppOverview.pdf): PDF inclusion: multiple pdfs with page group included in a single
 page
>] <Notruf.pdf, id=85, 542.025pt x 406.51875pt>
File: Notruf.pdf Graphic file (type pdf)
 <use Notruf.pdf>
Package pdftex.def Info: Notruf.pdf used on input line 211.
(pdftex.def)             Requested size: 240.0pt x 179.99773pt.


LaTeX Warning: Citation `google_app_engine' on page \thepage  undefined on input line 222.


LaTeX Warning: Citation `google_cloud_endpoints' on page \thepage  undefined on input line 224.


LaTeX Warning: Citation `google_cloud_endpoints_android' on page \thepage  undefined on input line 226.


LaTeX Warning: Citation `google_cloud_messaging' on page \thepage  undefined on input line 228.


LaTeX Warning: Citation `google_cloud_messaging_android' on page \thepage  undefined on input line 230.


LaTeX Warning: Citation `firebase' on page \thepage  undefined on input line 232.


LaTeX Warning: Citation `firebase_java' on page \thepage  undefined on input line 234.


LaTeX Warning: Citation `firebase_token_generator' on page \thepage  undefined on input line 236.


LaTeX Warning: Citation `p2pkit' on page \thepage  undefined on input line 238.


LaTeX Warning: Citation `android_wifi_p2p' on page \thepage  undefined on input line 240.


Underfull \hbox (badness 10000) in paragraph at lines 257--257

 []


Underfull \hbox (badness 10000) in paragraph at lines 272--272

 []


Underfull \hbox (badness 10000) in paragraph at lines 278--278

 []


Underfull \hbox (badness 10000) in paragraph at lines 278--278

 []


Overfull \hbox (1.92534pt too wide) in paragraph at lines 283--283
\T1/aer/m/n/9 implement a lis-tener which mon-i-tors but-ton events
 []

[3 <./Notruf.pdf>]
Underfull \hbox (badness 10000) in paragraph at lines 283--283

 []


Overfull \hbox (11.57378pt too wide) in paragraph at lines 289--296
[]\T1/aer/bx/n/9 Implement the ba-sic build-ing blocks - by 2.12.2015 
 []


Underfull \hbox (badness 10000) in paragraph at lines 289--296

 []


Overfull \hbox (20.09674pt too wide) in paragraph at lines 298--299
[]\T1/aer/bx/n/9 Put the ba-sic build-ing blocks to-gether - by 8.12.2015 
 []


Underfull \hbox (badness 10000) in paragraph at lines 298--299

 []

No file report.bbl.
[4

] (report.aux)

LaTeX Warning: Label(s) may have changed. Rerun to get cross-references right.

 ) 
Here is how much of TeX's memory you used:
 4741 strings out of 493673
 61919 string characters out of 3143938
 164766 words of memory out of 3000000
 8007 multiletter control sequences out of 15000+200000
 42524 words of font info for 59 fonts, out of 3000000 for 9000
 1025 hyphenation exceptions out of 8191
 41i,11n,40p,1808b,372s stack positions out of 5000i,500n,10000p,200000b,50000s
{D:/Program Files/MiKTeX 2.9/fonts/enc/dvips/fontname/8r.enc}<D:/Program Files/MiKTeX 2.9/fonts/type1/public/amsfonts/
cm/cmbx9.pfb><D:/Program Files/MiKTeX 2.9/fonts/type1/public/amsfonts/cm/cmr9.pfb><D:/Program Files/MiKTeX 2.9/fonts/typ
e1/urw/helvetic/uhvb8a.pfb><D:/Program Files/MiKTeX 2.9/fonts/type1/urw/times/utmb8a.pfb>
Output written on report.pdf (4 pages, 640353 bytes).
PDF statistics:
 110 PDF objects out of 1000 (max. 8388607)
 0 named destinations out of 1000 (max. 500000)
 26 words of extra memory for PDF output out of 10000 (max. 10000000)

